e:\[ c++ ][ opengl ] swarm\swarm\swarm\debug\vc120.pdb
e:\[ c++ ][ opengl ] swarm\swarm\swarm\debug\vc120.idb
e:\[ c++ ][ opengl ] swarm\swarm\swarm\debug\cameraclass.obj
e:\[ c++ ][ opengl ] swarm\swarm\swarm\debug\gameobject.obj
e:\[ c++ ][ opengl ] swarm\swarm\swarm\debug\gamemanager.obj
e:\[ c++ ][ opengl ] swarm\swarm\swarm\debug\inputsys.obj
e:\[ c++ ][ opengl ] swarm\swarm\swarm\debug\main.obj
e:\[ c++ ][ opengl ] swarm\swarm\swarm\debug\matrix3.obj
e:\[ c++ ][ opengl ] swarm\swarm\swarm\debug\movementcore.obj
e:\[ c++ ][ opengl ] swarm\swarm\swarm\debug\rendersystem.obj
e:\[ c++ ][ opengl ] swarm\swarm\swarm\debug\resourcemanager.obj
e:\[ c++ ][ opengl ] swarm\swarm\swarm\debug\scene.obj
e:\[ c++ ][ opengl ] swarm\swarm\swarm\debug\shaderdata.obj
e:\[ c++ ][ opengl ] swarm\swarm\swarm\debug\shaderinterface.obj
e:\[ c++ ][ opengl ] swarm\swarm\swarm\debug\shaderloader.obj
e:\[ c++ ][ opengl ] swarm\swarm\swarm\debug\vector2.obj
e:\[ c++ ][ opengl ] swarm\swarm\swarm\debug\vector3.obj
e:\[ c++ ][ opengl ] swarm\swarm\swarm\debug\vector4.obj
e:\[ c++ ][ opengl ] swarm\swarm\swarm\debug\vertexbuffer.obj
e:\[ c++ ][ opengl ] swarm\swarm\swarm\debug\grid.obj
e:\[ c++ ][ opengl ] swarm\swarm\debug\swarm.ilk
e:\[ c++ ][ opengl ] swarm\swarm\debug\swarm.exe
e:\[ c++ ][ opengl ] swarm\swarm\debug\swarm.pdb
e:\[ c++ ][ opengl ] swarm\swarm\swarm\debug\swarm.tlog\cl.command.1.tlog
e:\[ c++ ][ opengl ] swarm\swarm\swarm\debug\swarm.tlog\cl.read.1.tlog
e:\[ c++ ][ opengl ] swarm\swarm\swarm\debug\swarm.tlog\cl.write.1.tlog
e:\[ c++ ][ opengl ] swarm\swarm\swarm\debug\swarm.tlog\link.command.1.tlog
e:\[ c++ ][ opengl ] swarm\swarm\swarm\debug\swarm.tlog\link.read.1.tlog
e:\[ c++ ][ opengl ] swarm\swarm\swarm\debug\swarm.tlog\link.write.1.tlog
