Build started 2015-08-30 19:36:36.
     1>Project "E:\Github\GameEngineT\GameEngineT\GameEngineT.vcxproj" on node 2 (Build target(s)).
     1>ClCompile:
         D:\Visual Studio 2013 U2\VC\bin\CL.exe /c /IE:\Github\GameEngineT\\lib\glm\glm /I"E:\Github\GameEngineT\\lib\glfw-3.1.1\include" /I"E:\Github\GameEngineT\\lib\glew-1.12.0\include" /ZI /nologo /W3 /WX- /sdl /Od /Oy- /D _MBCS /Gm /EHsc /RTC1 /MDd /GS /fp:precise /Zc:wchar_t /Zc:forScope /Fo"Debug\\" /Fd"Debug\vc120.pdb" /Gd /TP /analyze- /errorReport:prompt RenderSystem.cpp
         RenderSystem.cpp
     1>e:\github\gameenginet\gameenginet\rendersystem.cpp(94): warning C4244: 'argument' : conversion from 'float' to 'GLsizei', possible loss of data
     1>e:\github\gameenginet\gameenginet\rendersystem.cpp(94): warning C4244: 'argument' : conversion from 'float' to 'GLint', possible loss of data
       Link:
         D:\Visual Studio 2013 U2\VC\bin\link.exe /ERRORREPORT:PROMPT /OUT:"E:\Github\GameEngineT\Debug\GameEngineT.exe" /INCREMENTAL /NOLOGO /LIBPATH:"E:\Github\GameEngineT\\lib\glfw-3.1.1\lib-vc2013" /LIBPATH:"E:\Github\GameEngineT\\lib\glew-1.12.0\lib\Release\Win32" opengl32.lib glew32.lib glfw3.lib glu32.lib kernel32.lib user32.lib gdi32.lib winspool.lib comdlg32.lib advapi32.lib shell32.lib ole32.lib oleaut32.lib uuid.lib odbc32.lib odbccp32.lib /MANIFEST /MANIFESTUAC:"level='asInvoker' uiAccess='false'" /manifest:embed /DEBUG /PDB:"E:\Github\GameEngineT\Debug\GameEngineT.pdb" /TLBID:1 /DYNAMICBASE /NXCOMPAT /IMPLIB:"E:\Github\GameEngineT\Debug\GameEngineT.lib" /MACHINE:X86 Debug\CameraClass.obj
         Debug\GameObject.obj
         Debug\GameManager.obj
         Debug\grid.obj
         Debug\InputSys.obj
         Debug\main.obj
         Debug\Matrix3.obj
         Debug\MovementCore.obj
         Debug\RenderSystem.obj
         Debug\ResourceManager.obj
         Debug\Scene.obj
         Debug\ShaderData.obj
         Debug\ShaderInterface.obj
         Debug\ShaderLoader.obj
         Debug\Vector2.obj
         Debug\Vector3.obj
         Debug\Vector4.obj
         Debug\VertexBuffer.obj
         GameEngineT.vcxproj -> E:\Github\GameEngineT\Debug\GameEngineT.exe
     1>Done Building Project "E:\Github\GameEngineT\GameEngineT\GameEngineT.vcxproj" (Build target(s)).

Build succeeded.

Time Elapsed 00:00:00.74
